I, [2019-06-27T19:22:36.104126 #13232]  INFO -- default-centos-66: -----> Creating <default-centos-66>...
I, [2019-06-27T19:22:37.840575 #13232]  INFO -- default-centos-66: Bringing machine 'default' up with 'virtualbox' provider...
I, [2019-06-27T19:22:39.193674 #13232]  INFO -- default-centos-66: ==> default: Box 'bento/centos-6.6' could not be found. Attempting to find and install...
I, [2019-06-27T19:22:39.193868 #13232]  INFO -- default-centos-66:     default: Box Provider: virtualbox
I, [2019-06-27T19:22:39.193992 #13232]  INFO -- default-centos-66:     default: Box Version: >= 0
I, [2019-06-27T19:22:40.077226 #13232]  INFO -- default-centos-66: ==> default: Loading metadata for box 'bento/centos-6.6'
I, [2019-06-27T19:22:40.077395 #13232]  INFO -- default-centos-66:     default: URL: https://vagrantcloud.com/bento/centos-6.6
I, [2019-06-27T19:22:40.949049 #13232]  INFO -- default-centos-66: ==> default: Adding box 'bento/centos-6.6' (v2.1.0) for provider: virtualbox
I, [2019-06-27T19:22:40.949173 #13232]  INFO -- default-centos-66:     default: Downloading: https://vagrantcloud.com/bento/boxes/centos-6.6/versions/2.1.0/providers/virtualbox.box
I, [2019-06-27T19:22:43.241417 #13232]  INFO -- default-centos-66: [K    default: Download redirected to host: vagrantcloud-files-production.s3.amazonaws.com
I, [2019-06-27T19:23:12.654933 #13232]  INFO -- default-centos-66: [K    default: Progress: 1% (Rate: 482k/s, Estimated time remaining: 0:09:16)[K    default: Progress: 13% (Rate: 4393k/s, Estimated time remaining: 0:01:44)[K    default: Progress: 100% (Rate: 12.9M/s, Estimated time remaining: --:--:--)[K    default: 
I, [2019-06-27T19:23:13.621905 #13232]  INFO -- default-centos-66: ==> default: Successfully added box 'bento/centos-6.6' (v2.1.0) for 'virtualbox'!
I, [2019-06-27T19:23:13.750747 #13232]  INFO -- default-centos-66: ==> default: Importing base box 'bento/centos-6.6'...
I, [2019-06-27T19:23:23.779645 #13232]  INFO -- default-centos-66: [KProgress: 90%[K==> default: Matching MAC address for NAT networking...
I, [2019-06-27T19:23:24.102769 #13232]  INFO -- default-centos-66: ==> default: Checking if box 'bento/centos-6.6' version '2.1.0' is up to date...
I, [2019-06-27T19:23:25.517286 #13232]  INFO -- default-centos-66: ==> default: Setting the name of the VM: kitchen-wordpress-default-centos-66
I, [2019-06-27T19:23:27.052987 #13232]  INFO -- default-centos-66: ==> default: Fixed port collision for 22 => 2222. Now on port 2201.
I, [2019-06-27T19:23:27.484536 #13232]  INFO -- default-centos-66: ==> default: Clearing any previously set network interfaces...
I, [2019-06-27T19:23:27.581377 #13232]  INFO -- default-centos-66: ==> default: Preparing network interfaces based on configuration...
I, [2019-06-27T19:23:27.581545 #13232]  INFO -- default-centos-66:     default: Adapter 1: nat
I, [2019-06-27T19:23:27.680495 #13232]  INFO -- default-centos-66: ==> default: Forwarding ports...
I, [2019-06-27T19:23:27.777414 #13232]  INFO -- default-centos-66:     default: 22 (guest) => 2201 (host) (adapter 1)
I, [2019-06-27T19:23:28.101081 #13232]  INFO -- default-centos-66: ==> default: Booting VM...
I, [2019-06-27T19:23:30.952194 #13232]  INFO -- default-centos-66: ==> default: Waiting for machine to boot. This may take a few minutes...
I, [2019-06-27T19:23:31.371439 #13232]  INFO -- default-centos-66:     default: SSH address: 127.0.0.1:2201
I, [2019-06-27T19:23:31.371549 #13232]  INFO -- default-centos-66:     default: SSH username: vagrant
I, [2019-06-27T19:23:31.371607 #13232]  INFO -- default-centos-66:     default: SSH auth method: private key
I, [2019-06-27T19:23:53.307108 #13232]  INFO -- default-centos-66:     default: Warning: Connection reset. Retrying...
I, [2019-06-27T19:23:53.500531 #13232]  INFO -- default-centos-66:     default: Warning: Connection aborted. Retrying...
I, [2019-06-27T19:23:58.821171 #13232]  INFO -- default-centos-66:     default: 
I, [2019-06-27T19:23:58.821301 #13232]  INFO -- default-centos-66:     default: Vagrant insecure key detected. Vagrant will automatically replace
I, [2019-06-27T19:23:58.821388 #13232]  INFO -- default-centos-66:     default: this with a newly generated keypair for better security.
